{"/Users/apple/Documents/MovieHub-feature-semantic-markup/fittrack-react/src/components/features/Achievement.jsx": {"path":"/Users/apple/Documents/MovieHub-feature-semantic-markup/fittrack-react/src/components/features/Achievement.jsx","statementMap":{"0":{"start":{"line":3,"column":20},"end":{"line":12,"column":1}},"1":{"start":{"line":4,"column":2},"end":{"line":11,"column":8}}},"fnMap":{"0":{"name":"(anonymous_0)","decl":{"start":{"line":3,"column":20},"end":{"line":3,"column":21}},"loc":{"start":{"line":4,"column":2},"end":{"line":11,"column":8}},"line":4}},"branchMap":{"0":{"loc":{"start":{"line":4,"column":38},"end":{"line":4,"column":75}},"type":"cond-expr","locations":[{"start":{"line":4,"column":49},"end":{"line":4,"column":70}},{"start":{"line":4,"column":73},"end":{"line":4,"column":75}}],"line":4},"1":{"loc":{"start":{"line":5,"column":41},"end":{"line":5,"column":66}},"type":"cond-expr","locations":[{"start":{"line":5,"column":52},"end":{"line":5,"column":58}},{"start":{"line":5,"column":61},"end":{"line":5,"column":66}}],"line":5},"2":{"loc":{"start":{"line":9,"column":10},"end":{"line":9,"column":43}},"type":"cond-expr","locations":[{"start":{"line":9,"column":21},"end":{"line":9,"column":36}},{"start":{"line":9,"column":39},"end":{"line":9,"column":43}}],"line":9}},"s":{"0":0,"1":0},"f":{"0":0},"b":{"0":[0,0],"1":[0,0],"2":[0,0]}}
,"/Users/apple/Documents/MovieHub-feature-semantic-markup/fittrack-react/src/components/features/ExerciseItem.jsx": {"path":"/Users/apple/Documents/MovieHub-feature-semantic-markup/fittrack-react/src/components/features/ExerciseItem.jsx","statementMap":{"0":{"start":{"line":1,"column":21},"end":{"line":5,"column":1}},"1":{"start":{"line":2,"column":2},"end":{"line":4,"column":7}}},"fnMap":{"0":{"name":"(anonymous_0)","decl":{"start":{"line":1,"column":21},"end":{"line":1,"column":22}},"loc":{"start":{"line":2,"column":2},"end":{"line":4,"column":7}},"line":2}},"branchMap":{},"s":{"0":0,"1":0},"f":{"0":0},"b":{}}
,"/Users/apple/Documents/MovieHub-feature-semantic-markup/fittrack-react/src/components/features/ProgressChart.jsx": {"path":"/Users/apple/Documents/MovieHub-feature-semantic-markup/fittrack-react/src/components/features/ProgressChart.jsx","statementMap":{"0":{"start":{"line":3,"column":22},"end":{"line":20,"column":1}},"1":{"start":{"line":4,"column":2},"end":{"line":19,"column":8}},"2":{"start":{"line":6,"column":6},"end":{"line":17,"column":12}}},"fnMap":{"0":{"name":"(anonymous_0)","decl":{"start":{"line":3,"column":22},"end":{"line":3,"column":23}},"loc":{"start":{"line":4,"column":2},"end":{"line":19,"column":8}},"line":4},"1":{"name":"(anonymous_1)","decl":{"start":{"line":5,"column":15},"end":{"line":5,"column":16}},"loc":{"start":{"line":6,"column":6},"end":{"line":17,"column":12}},"line":6}},"branchMap":{},"s":{"0":1,"1":2,"2":4},"f":{"0":2,"1":4},"b":{},"_coverageSchema":"1a1c01bbd47fc00a2c39e90264f33305004495a9","hash":"c16251b75619bb84b4144c9f021db65cd64196cd"}
,"/Users/apple/Documents/MovieHub-feature-semantic-markup/fittrack-react/src/components/features/WorkoutCard.jsx": {"path":"/Users/apple/Documents/MovieHub-feature-semantic-markup/fittrack-react/src/components/features/WorkoutCard.jsx","statementMap":{"0":{"start":{"line":7,"column":20},"end":{"line":34,"column":1}},"1":{"start":{"line":8,"column":2},"end":{"line":33,"column":4}},"2":{"start":{"line":21,"column":12},"end":{"line":21,"column":46}},"3":{"start":{"line":28,"column":31},"end":{"line":28,"column":56}}},"fnMap":{"0":{"name":"(anonymous_0)","decl":{"start":{"line":7,"column":20},"end":{"line":7,"column":21}},"loc":{"start":{"line":7,"column":49},"end":{"line":34,"column":1}},"line":7},"1":{"name":"(anonymous_1)","decl":{"start":{"line":20,"column":33},"end":{"line":20,"column":34}},"loc":{"start":{"line":21,"column":12},"end":{"line":21,"column":46}},"line":21},"2":{"name":"(anonymous_2)","decl":{"start":{"line":28,"column":25},"end":{"line":28,"column":26}},"loc":{"start":{"line":28,"column":31},"end":{"line":28,"column":56}},"line":28}},"branchMap":{},"s":{"0":0,"1":0,"2":0,"3":0},"f":{"0":0,"1":0,"2":0},"b":{}}
,"/Users/apple/Documents/MovieHub-feature-semantic-markup/fittrack-react/src/components/features/WorkoutList.jsx": {"path":"/Users/apple/Documents/MovieHub-feature-semantic-markup/fittrack-react/src/components/features/WorkoutList.jsx","statementMap":{"0":{"start":{"line":5,"column":20},"end":{"line":11,"column":1}},"1":{"start":{"line":6,"column":2},"end":{"line":10,"column":8}},"2":{"start":{"line":8,"column":6},"end":{"line":8,"column":67}}},"fnMap":{"0":{"name":"(anonymous_0)","decl":{"start":{"line":5,"column":20},"end":{"line":5,"column":21}},"loc":{"start":{"line":6,"column":2},"end":{"line":10,"column":8}},"line":6},"1":{"name":"(anonymous_1)","decl":{"start":{"line":7,"column":18},"end":{"line":7,"column":19}},"loc":{"start":{"line":8,"column":6},"end":{"line":8,"column":67}},"line":8}},"branchMap":{},"s":{"0":0,"1":0,"2":0},"f":{"0":0,"1":0},"b":{}}
,"/Users/apple/Documents/MovieHub-feature-semantic-markup/fittrack-react/src/components/layout/Header.jsx": {"path":"/Users/apple/Documents/MovieHub-feature-semantic-markup/fittrack-react/src/components/layout/Header.jsx","statementMap":{"0":{"start":{"line":1,"column":15},"end":{"line":17,"column":1}},"1":{"start":{"line":2,"column":2},"end":{"line":16,"column":11}},"2":{"start":{"line":12,"column":27},"end":{"line":12,"column":51}}},"fnMap":{"0":{"name":"(anonymous_0)","decl":{"start":{"line":1,"column":15},"end":{"line":1,"column":16}},"loc":{"start":{"line":2,"column":2},"end":{"line":16,"column":11}},"line":2},"1":{"name":"(anonymous_1)","decl":{"start":{"line":12,"column":20},"end":{"line":12,"column":21}},"loc":{"start":{"line":12,"column":27},"end":{"line":12,"column":51}},"line":12}},"branchMap":{},"s":{"0":0,"1":0,"2":0},"f":{"0":0,"1":0},"b":{}}
,"/Users/apple/Documents/MovieHub-feature-semantic-markup/fittrack-react/src/components/ui/Button.jsx": {"path":"/Users/apple/Documents/MovieHub-feature-semantic-markup/fittrack-react/src/components/ui/Button.jsx","statementMap":{"0":{"start":{"line":1,"column":15},"end":{"line":5,"column":1}},"1":{"start":{"line":2,"column":2},"end":{"line":4,"column":11}}},"fnMap":{"0":{"name":"(anonymous_0)","decl":{"start":{"line":1,"column":15},"end":{"line":1,"column":16}},"loc":{"start":{"line":2,"column":2},"end":{"line":4,"column":11}},"line":2}},"branchMap":{"0":{"loc":{"start":{"line":1,"column":37},"end":{"line":1,"column":56}},"type":"default-arg","locations":[{"start":{"line":1,"column":47},"end":{"line":1,"column":56}}],"line":1}},"s":{"0":0,"1":0},"f":{"0":0},"b":{"0":[0]}}
,"/Users/apple/Documents/MovieHub-feature-semantic-markup/fittrack-react/src/components/ui/Card.jsx": {"path":"/Users/apple/Documents/MovieHub-feature-semantic-markup/fittrack-react/src/components/ui/Card.jsx","statementMap":{"0":{"start":{"line":1,"column":13},"end":{"line":9,"column":1}},"1":{"start":{"line":2,"column":2},"end":{"line":8,"column":12}}},"fnMap":{"0":{"name":"(anonymous_0)","decl":{"start":{"line":1,"column":13},"end":{"line":1,"column":14}},"loc":{"start":{"line":2,"column":2},"end":{"line":8,"column":12}},"line":2}},"branchMap":{"0":{"loc":{"start":{"line":1,"column":33},"end":{"line":1,"column":47}},"type":"default-arg","locations":[{"start":{"line":1,"column":45},"end":{"line":1,"column":47}}],"line":1},"1":{"loc":{"start":{"line":3,"column":5},"end":{"line":3,"column":69}},"type":"binary-expr","locations":[{"start":{"line":3,"column":5},"end":{"line":3,"column":10}},{"start":{"line":3,"column":14},"end":{"line":3,"column":69}}],"line":3}},"s":{"0":1,"1":1},"f":{"0":1},"b":{"0":[1],"1":[1,0]},"_coverageSchema":"1a1c01bbd47fc00a2c39e90264f33305004495a9","hash":"9187c112f8c7e3cfc5f7708c7779aa1c00c97eed"}
,"/Users/apple/Documents/MovieHub-feature-semantic-markup/fittrack-react/src/components/ui/Timer.jsx": {"path":"/Users/apple/Documents/MovieHub-feature-semantic-markup/fittrack-react/src/components/ui/Timer.jsx","statementMap":{"0":{"start":{"line":3,"column":14},"end":{"line":8,"column":1}},"1":{"start":{"line":4,"column":2},"end":{"line":7,"column":8}},"2":{"start":{"line":4,"column":40},"end":{"line":4,"column":82}}},"fnMap":{"0":{"name":"(anonymous_0)","decl":{"start":{"line":3,"column":14},"end":{"line":3,"column":15}},"loc":{"start":{"line":4,"column":2},"end":{"line":7,"column":8}},"line":4},"1":{"name":"(anonymous_1)","decl":{"start":{"line":4,"column":34},"end":{"line":4,"column":35}},"loc":{"start":{"line":4,"column":40},"end":{"line":4,"column":82}},"line":4}},"branchMap":{},"s":{"0":1,"1":2,"2":1},"f":{"0":2,"1":1},"b":{},"_coverageSchema":"1a1c01bbd47fc00a2c39e90264f33305004495a9","hash":"72cc4a1e38efa89e0d97607728e205179e82c557"}
,"/Users/apple/Documents/MovieHub-feature-semantic-markup/fittrack-react/src/utils/fitness.js": {"path":"/Users/apple/Documents/MovieHub-feature-semantic-markup/fittrack-react/src/utils/fitness.js","statementMap":{"0":{"start":{"line":4,"column":33},"end":{"line":8,"column":3}},"1":{"start":{"line":5,"column":4},"end":{"line":5,"column":47}},"2":{"start":{"line":5,"column":38},"end":{"line":5,"column":47}},"3":{"start":{"line":7,"column":4},"end":{"line":7,"column":60}},"4":{"start":{"line":13,"column":35},"end":{"line":18,"column":3}},"5":{"start":{"line":14,"column":4},"end":{"line":14,"column":36}},"6":{"start":{"line":14,"column":21},"end":{"line":14,"column":36}},"7":{"start":{"line":15,"column":17},"end":{"line":15,"column":41}},"8":{"start":{"line":16,"column":17},"end":{"line":16,"column":29}},"9":{"start":{"line":17,"column":4},"end":{"line":17,"column":85}}},"fnMap":{"0":{"name":"(anonymous_0)","decl":{"start":{"line":4,"column":33},"end":{"line":4,"column":34}},"loc":{"start":{"line":4,"column":70},"end":{"line":8,"column":3}},"line":4},"1":{"name":"(anonymous_1)","decl":{"start":{"line":13,"column":35},"end":{"line":13,"column":36}},"loc":{"start":{"line":13,"column":48},"end":{"line":18,"column":3}},"line":13}},"branchMap":{"0":{"loc":{"start":{"line":4,"column":52},"end":{"line":4,"column":65}},"type":"default-arg","locations":[{"start":{"line":4,"column":64},"end":{"line":4,"column":65}}],"line":4},"1":{"loc":{"start":{"line":5,"column":4},"end":{"line":5,"column":47}},"type":"if","locations":[{"start":{"line":5,"column":4},"end":{"line":5,"column":47}},{"start":{},"end":{}}],"line":5},"2":{"loc":{"start":{"line":5,"column":8},"end":{"line":5,"column":36}},"type":"binary-expr","locations":[{"start":{"line":5,"column":8},"end":{"line":5,"column":19}},{"start":{"line":5,"column":23},"end":{"line":5,"column":36}}],"line":5},"3":{"loc":{"start":{"line":14,"column":4},"end":{"line":14,"column":36}},"type":"if","locations":[{"start":{"line":14,"column":4},"end":{"line":14,"column":36}},{"start":{},"end":{}}],"line":14}},"s":{"0":1,"1":3,"2":2,"3":1,"4":1,"5":2,"6":1,"7":1,"8":1,"9":1},"f":{"0":3,"1":2},"b":{"0":[0],"1":[2,1],"2":[3,2],"3":[1,1]},"_coverageSchema":"1a1c01bbd47fc00a2c39e90264f33305004495a9","hash":"1e2ced312b095495c7c4bf0f0ab6dd1dcd42c8f6"}
}
